#-----------------------------------------------------------
# PlanAhead v14.7 (64-bit)
# Build 321239 by xbuild on Fri Sep 27 19:29:51 MDT 2013
# Start of session at: Sun Oct 28 12:46:10 2018
# Process ID: 6776
# Log file: E:/2018Aut/CPU/planAhead_run_1/planAhead.log
# Journal file: E:/2018Aut/CPU/planAhead_run_1/planAhead.jou
#-----------------------------------------------------------
INFO: [Common 17-78] Attempting to get a license: PlanAhead
INFO: [Common 17-290] Got license for PlanAhead
INFO: [Common 17-86] Your PlanAhead license expires in -666 day(s)
INFO: [Device 21-36] Loading parts and site information from F:/Xilinx/14.7/ISE_DS/PlanAhead/data/parts/arch.xml
Parsing RTL primitives file [F:/Xilinx/14.7/ISE_DS/PlanAhead/data/parts/xilinx/rtl/prims/rtl_prims.xml]
Finished parsing RTL primitives file [F:/Xilinx/14.7/ISE_DS/PlanAhead/data/parts/xilinx/rtl/prims/rtl_prims.xml]
start_gui
source E:/2018Aut/CPU/pa.fromNetlist.tcl
# create_project -name CPU -dir "E:/2018Aut/CPU/planAhead_run_1" -part xc3s1200efg320-4
# set_property design_mode GateLvl [get_property srcset [current_run -impl]]
# set_property edif_top_file "E:/2018Aut/CPU/Controller.ngc" [ get_property srcset [ current_run ] ]
# add_files -norecurse { {E:/2018Aut/CPU} }
# set_param project.pinAheadLayout  yes
# set_property target_constrs_file "Controller.ucf" [current_fileset -constrset]
Adding file 'E:/2018Aut/CPU/Controller.ucf' to fileset 'constrs_1'
# add_files [list {Controller.ucf}] -fileset [get_property constrset [current_run]]
# link_design
Design is defaulting to srcset: sources_1
Design is defaulting to constrset: constrs_1
Design is defaulting to project part: xc3s1200efg320-4
Release 14.7 - ngc2edif P.20131013 (nt64)
Copyright (c) 1995-2013 Xilinx, Inc.  All rights reserved.
Reading design Controller.ngc ...
WARNING:NetListWriters:298 - No output is written to Controller.xncf, ignored.
Processing design ...
   Preping design's networks ...
   Preping design's macros ...
  finished :Prep
Writing EDIF netlist file Controller.edif ...
ngc2edif: Total memory usage is 78204 kilobytes

Parsing EDIF File [./planAhead_run_1/CPU.data/cache/Controller_ngc_zx.edif]
Finished Parsing EDIF File [./planAhead_run_1/CPU.data/cache/Controller_ngc_zx.edif]
INFO: [Designutils 20-910] Reading macro library F:/Xilinx/14.7/ISE_DS/PlanAhead/data\./parts/xilinx/spartan3e/spartan3e/hd_int_macros.edn
Parsing EDIF File [F:/Xilinx/14.7/ISE_DS/PlanAhead/data\./parts/xilinx/spartan3e/spartan3e/hd_int_macros.edn]
Finished Parsing EDIF File [F:/Xilinx/14.7/ISE_DS/PlanAhead/data\./parts/xilinx/spartan3e/spartan3e/hd_int_macros.edn]
Loading clock regions from F:/Xilinx/14.7/ISE_DS/PlanAhead/data\parts/xilinx/spartan3e/spartan3e/xc3s1200e/ClockRegion.xml
Loading clock buffers from F:/Xilinx/14.7/ISE_DS/PlanAhead/data\parts/xilinx/spartan3e/spartan3e/xc3s1200e/ClockBuffers.xml
Loading package from F:/Xilinx/14.7/ISE_DS/PlanAhead/data\parts/xilinx/spartan3e/spartan3e/xc3s1200e/fg320/Package.xml
Loading io standards from F:/Xilinx/14.7/ISE_DS/PlanAhead/data\./parts/xilinx/spartan3e/IOStandards.xml
INFO: [Device 21-19] Loading pkg sso from F:/Xilinx/14.7/ISE_DS/PlanAhead/data\parts/xilinx/spartan3e/spartan3e/xc3s1200e/fg320/SSORules.xml
Loading list of drcs for the architecture : F:/Xilinx/14.7/ISE_DS/PlanAhead/data\./parts/xilinx/spartan3e/spartan3e/drc.xml
INFO: [Timing 38-77] Reading timing library F:/Xilinx/14.7/ISE_DS/PlanAhead/data\parts/xilinx/spartan3e/spartan3e/spartan3e-4.lib.
INFO: [Timing 38-34] Done reading timing library F:/Xilinx/14.7/ISE_DS/PlanAhead/data\parts/xilinx/spartan3e/spartan3e/spartan3e-4.lib.
Parsing UCF File [E:/2018Aut/CPU/Controller.ucf]
Finished Parsing UCF File [E:/2018Aut/CPU/Controller.ucf]
INFO: [Project 1-111] Unisim Transformation Summary:
No Unisim elements were transformed.

Phase 0 | Netlist Checksum: 3cf96331
link_design: Time (s): elapsed = 00:00:12 . Memory (MB): peak = 551.953 ; gain = 132.309
startgroup
set_property package_pin C7 [get_ports {Led[6]}]
endgroup
startgroup
set_property package_pin D7 [get_ports {Led[5]}]
endgroup
startgroup
set_property package_pin E7 [get_ports {Led[4]}]
endgroup
startgroup
set_property package_pin F7 [get_ports {Led[3]}]
endgroup
startgroup
set_property package_pin F7 [get_ports {Led[3]}]
endgroup
startgroup
set_property package_pin A8 [get_ports {Led[2]}]
endgroup
startgroup
set_property package_pin E8 [get_ports {Led[1]}]
endgroup
startgroup
set_property package_pin F8 [get_ports {Led[0]}]
endgroup
save_constraints
startgroup
set_property package_pin J6 [get_ports {Light[15]}]
endgroup
set_property package_pin "" [get_ports [list  {Light[14]}]]
startgroup
set_property package_pin A14 [get_ports {Light[15]}]
endgroup
startgroup
set_property package_pin E13 [get_ports {Light[14]}]
endgroup
startgroup
set_property package_pin D13 [get_ports {Light[13]}]
endgroup
startgroup
set_property package_pin B13 [get_ports {Light[12]}]
endgroup
startgroup
set_property package_pin A13 [get_ports {Light[11]}]
endgroup
startgroup
set_property package_pin F12 [get_ports {Light[10]}]
endgroup
startgroup
set_property package_pin E12 [get_ports {Light[9]}]
endgroup
startgroup
set_property package_pin A12 [get_ports {Light[8]}]
endgroup
startgroup
set_property package_pin F11 [get_ports {Light[7]}]
endgroup
startgroup
set_property package_pin E11 [get_ports {Light[6]}]
endgroup
startgroup
set_property package_pin D11 [get_ports {Light[5]}]
endgroup
startgroup
set_property package_pin C11 [get_ports {Light[4]}]
endgroup
startgroup
set_property package_pin B11 [get_ports {Light[3]}]
endgroup
startgroup
set_property package_pin A11 [get_ports {Light[2]}]
endgroup
startgroup
set_property package_pin E10 [get_ports {Light[1]}]
endgroup
startgroup
set_property package_pin D10 [get_ports {Light[0]}]
endgroup
save_constraints
startgroup
set_property package_pin J6 [get_ports {SW[15]}]
endgroup
startgroup
set_property package_pin J7 [get_ports {SW[14]}]
endgroup
startgroup
set_property package_pin K2 [get_ports {SW[13]}]
endgroup
startgroup
set_property package_pin K7 [get_ports {SW[12]}]
endgroup
startgroup
set_property package_pin M1 [get_ports {SW[11]}]
endgroup
startgroup
set_property package_pin N1 [get_ports {SW[10]}]
endgroup
startgroup
set_property package_pin N2 [get_ports {SW[9]}]
endgroup
startgroup
set_property package_pin R1 [get_ports {SW[8]}]
endgroup
startgroup
set_property package_pin R4 [get_ports {SW[7]}]
endgroup
startgroup
set_property package_pin U1 [get_ports {SW[6]}]
endgroup
startgroup
set_property package_pin V2 [get_ports {SW[5]}]
endgroup
startgroup
set_property package_pin V3 [get_ports {SW[4]}]
endgroup
startgroup
set_property package_pin V4 [get_ports {SW[3]}]
endgroup
startgroup
set_property package_pin U8 [get_ports {SW[2]}]
endgroup
startgroup
set_property package_pin R7 [get_ports {SW[1]}]
endgroup
startgroup
set_property package_pin T7 [get_ports {SW[0]}]
endgroup
save_constraints
startgroup
set_property package_pin U9 [get_ports CLK]
endgroup
startgroup
set_property package_pin U10 [get_ports RST]
endgroup
save_constraints
exit
ERROR: [PlanAhead 12-106] *** Exception: ui.h.b: Found deleted key in HTclEventBroker. Verify if the classes listed here call cleanup()
HTclEvent: SIGNAL_BUS_MODIFY   Classes: ui.views.aR 
HTclEvent: DEBUG_CORE_CONFIG_CHANGE   Classes: ui.views.aR 
HTclEvent: DEBUG_PORT_CONFIG_CHANGE   Classes: ui.views.aR 
HTclEvent: SIGNAL_MODIFY   Classes: ui.views.aR 
 (See E:/2018Aut/CPU\planAhead_pid6776.debug)
ERROR: [Common 17-39] 'stop_gui' failed due to earlier errors.
INFO: [Common 17-206] Exiting PlanAhead at Sun Oct 28 12:54:49 2018...
INFO: [Common 17-83] Releasing license: PlanAhead
