
****** PlanAhead v14.7 (64-bit)
  **** Build 321239 by xbuild on Fri Sep 27 19:29:51 MDT 2013
    ** Copyright 1986-1999, 2001-2013 Xilinx, Inc. All Rights Reserved.

INFO: [Common 17-78] Attempting to get a license: PlanAhead
INFO: [Common 17-290] Got license for PlanAhead
INFO: [Common 17-86] Your PlanAhead license expires in -667 day(s)
INFO: [Device 21-36] Loading parts and site information from F:/Xilinx/14.7/ISE_DS/PlanAhead/data/parts/arch.xml
Parsing RTL primitives file [F:/Xilinx/14.7/ISE_DS/PlanAhead/data/parts/xilinx/rtl/prims/rtl_prims.xml]
Finished parsing RTL primitives file [F:/Xilinx/14.7/ISE_DS/PlanAhead/data/parts/xilinx/rtl/prims/rtl_prims.xml]
start_gui
source E:/2018Aut/CPU/pa.fromNetlist.tcl
# create_project -name CPU -dir "E:/2018Aut/CPU/planAhead_run_5" -part xc3s1200efg320-4
# set_property design_mode GateLvl [get_property srcset [current_run -impl]]
# set_property edif_top_file "E:/2018Aut/CPU/Controller.ngc" [ get_property srcset [ current_run ] ]
# add_files -norecurse { {E:/2018Aut/CPU} }
# set_param project.pinAheadLayout  yes
# set_property target_constrs_file "Controller.ucf" [current_fileset -constrset]
Adding file 'E:/2018Aut/CPU/Controller.ucf' to fileset 'constrs_1'
# add_files [list {Controller.ucf}] -fileset [get_property constrset [current_run]]
# link_design
Design is defaulting to srcset: sources_1
Design is defaulting to constrset: constrs_1
Design is defaulting to project part: xc3s1200efg320-4
Release 14.7 - ngc2edif P.20131013 (nt64)
Copyright (c) 1995-2013 Xilinx, Inc.  All rights reserved.
Reading design Controller.ngc ...
WARNING:NetListWriters:298 - No output is written to Controller.xncf, ignored.
Processing design ...
   Preping design's networks ...
   Preping design's macros ...
WARNING:NetListWriters:306 - Signal bus Madd__add0000_cy<5 : 3> on block
   Controller is not reconstructed, because there are some missing bus signals.
WARNING:NetListWriters:306 - Signal bus ram/n_state<2 : 0> on block Controller
   is not reconstructed, because there are some missing bus signals.
  finished :Prep
Writing EDIF netlist file Controller.edif ...
ngc2edif: Total memory usage is 79356 kilobytes

Parsing EDIF File [./planAhead_run_5/CPU.data/cache/Controller_ngc_zx.edif]
Finished Parsing EDIF File [./planAhead_run_5/CPU.data/cache/Controller_ngc_zx.edif]
INFO: [Designutils 20-910] Reading macro library F:/Xilinx/14.7/ISE_DS/PlanAhead/data\./parts/xilinx/spartan3e/spartan3e/hd_int_macros.edn
Parsing EDIF File [F:/Xilinx/14.7/ISE_DS/PlanAhead/data\./parts/xilinx/spartan3e/spartan3e/hd_int_macros.edn]
Finished Parsing EDIF File [F:/Xilinx/14.7/ISE_DS/PlanAhead/data\./parts/xilinx/spartan3e/spartan3e/hd_int_macros.edn]
Loading clock regions from F:/Xilinx/14.7/ISE_DS/PlanAhead/data\parts/xilinx/spartan3e/spartan3e/xc3s1200e/ClockRegion.xml
Loading clock buffers from F:/Xilinx/14.7/ISE_DS/PlanAhead/data\parts/xilinx/spartan3e/spartan3e/xc3s1200e/ClockBuffers.xml
Loading package from F:/Xilinx/14.7/ISE_DS/PlanAhead/data\parts/xilinx/spartan3e/spartan3e/xc3s1200e/fg320/Package.xml
Loading io standards from F:/Xilinx/14.7/ISE_DS/PlanAhead/data\./parts/xilinx/spartan3e/IOStandards.xml
INFO: [Device 21-19] Loading pkg sso from F:/Xilinx/14.7/ISE_DS/PlanAhead/data\parts/xilinx/spartan3e/spartan3e/xc3s1200e/fg320/SSORules.xml
Loading list of drcs for the architecture : F:/Xilinx/14.7/ISE_DS/PlanAhead/data\./parts/xilinx/spartan3e/spartan3e/drc.xml
INFO: [Timing 38-77] Reading timing library F:/Xilinx/14.7/ISE_DS/PlanAhead/data\parts/xilinx/spartan3e/spartan3e/spartan3e-4.lib.
INFO: [Timing 38-34] Done reading timing library F:/Xilinx/14.7/ISE_DS/PlanAhead/data\parts/xilinx/spartan3e/spartan3e/spartan3e-4.lib.
Parsing UCF File [E:/2018Aut/CPU/Controller.ucf]
Finished Parsing UCF File [E:/2018Aut/CPU/Controller.ucf]
INFO: [Project 1-111] Unisim Transformation Summary:
No Unisim elements were transformed.

Phase 0 | Netlist Checksum: 18c5ad73
link_design: Time (s): elapsed = 00:00:08 . Memory (MB): peak = 569.039 ; gain = 154.242
startgroup
set_property package_pin C14 [get_ports rdn]
endgroup
startgroup
set_property package_pin U5 [get_ports wrn]
endgroup
save_constraints
exit
ERROR: [Common 17-39] 'stop_gui' failed due to earlier errors.
INFO: [Common 17-206] Exiting PlanAhead at Mon Oct 29 22:51:04 2018...
INFO: [Common 17-83] Releasing license: PlanAhead
